<?xml version="1.0" encoding="UTF-8"?>
<!-- Generated by org.testng.reporters.JUnitXMLReporter -->
<testsuite ignored="0" hostname="Nitins-MacBook-Pro.local" failures="0" tests="7" name="Default test" time="6.072" errors="0" timestamp="2024-05-13T22:07:53 PDT">
  <testcase classname="com.salesforce.crud.Validating_Crud" name="validatelogin" time="2.462"/>
  <testcase classname="com.salesforce.crud.Validating_Crud" name="validateGetAccountAPI" time="0.444"/>
  <testcase classname="com.salesforce.crud.Validating_Crud" name="GetAllRecentAccounts" time="0.311"/>
  <testcase classname="com.salesforce.crud.Validating_Crud" name="invalidGetAccountAPI" time="0.609"/>
  <testcase classname="com.salesforce.crud.Validating_Crud" name="validatePatchedStatus" time="0.464"/>
  <testcase classname="com.salesforce.crud.Validating_Crud" name="validatePatchedData" time="0.332"/>
  <testcase classname="com.salesforce.crud.Validating_Crud" name="validateDeletedNonExistAccount" time="0.245"/>
</testsuite> <!-- Default test -->
