<?xml version="1.0" encoding="UTF-8"?>
<!-- Generated by org.testng.reporters.JUnitXMLReporter -->
<testsuite ignored="6" hostname="Nitins-MacBook-Pro.local" failures="0" tests="1" name="Default test" time="3.763" errors="0" timestamp="2024-05-15T15:15:14 PDT">
  <testcase classname="com.salesforce.crud.Validating_Crud" name="validateGetAccountAPI" time="0.565"/>
  <testcase classname="com.salesforce.crud.Validating_Crud" name="validatelogin" time="0.0">
    <ignored/>
  </testcase> <!-- validatelogin -->
  <testcase classname="com.salesforce.crud.Validating_Crud" name="validatePatchedData" time="0.0">
    <ignored/>
  </testcase> <!-- validatePatchedData -->
  <testcase classname="com.salesforce.crud.Validating_Crud" name="invalidGetAccountAPI" time="0.0">
    <ignored/>
  </testcase> <!-- invalidGetAccountAPI -->
  <testcase classname="com.salesforce.crud.Validating_Crud" name="validatePatchedStatus" time="0.0">
    <ignored/>
  </testcase> <!-- validatePatchedStatus -->
  <testcase classname="com.salesforce.crud.Validating_Crud" name="validateDeletedNonExistAccount" time="0.0">
    <ignored/>
  </testcase> <!-- validateDeletedNonExistAccount -->
  <testcase classname="com.salesforce.crud.Validating_Crud" name="GetAllRecentAccounts" time="0.0">
    <ignored/>
  </testcase> <!-- GetAllRecentAccounts -->
</testsuite> <!-- Default test -->
