<?xml version="1.0" encoding="UTF-8"?>
<!-- Generated by org.testng.reporters.JUnitXMLReporter -->
<testsuite ignored="1" hostname="Nitins-MacBook-Pro.local" failures="0" tests="7" name="Test_Login" time="7.293" errors="0" timestamp="2024-05-16T10:47:14 PDT">
  <testcase classname="com.salesforce.loginTest.LoginFunctionality" name="validatelogin" time="2.472"/>
  <testcase classname="com.salesforce.crudTest.Validating_Crud" name="validateGetAccountAPI" time="0.508"/>
  <testcase classname="com.salesforce.crudTest.Validating_Crud" name="GetAllRecentAccounts" time="0.524"/>
  <testcase classname="com.salesforce.crudTest.Validating_Crud" name="invalidGetAccountAPI" time="0.42"/>
  <testcase classname="com.salesforce.crudTest.Validating_Crud" name="validatePatchedStatus" time="0.638"/>
  <testcase classname="com.salesforce.crudTest.Validating_Crud" name="validatePatchedData" time="0.511"/>
  <testcase classname="com.salesforce.crudTest.Validating_Crud" name="validateDeletedNonExistAccount" time="0.269"/>
  <testcase classname="com.salesforce.base.BaseTest" name="@BeforeSuite beforeSuite" time="0.0">
    <ignored/>
  </testcase> <!-- @BeforeSuite beforeSuite -->
</testsuite> <!-- Test_Login -->
