<?xml version="1.0" encoding="UTF-8"?>
<testng-results ignored="0" total="7" passed="7" failed="0" skipped="0">
  <reporter-output>
  </reporter-output>
  <suite started-at="2024-05-13T22:07:46 PDT" name="Default suite" finished-at="2024-05-13T22:07:52 PDT" duration-ms="6072">
    <groups>
    </groups>
    <test started-at="2024-05-13T22:07:46 PDT" name="Default test" finished-at="2024-05-13T22:07:52 PDT" duration-ms="6072">
      <class name="com.salesforce.crud.Validating_Crud">
        <test-method is-config="true" signature="beforeSuite()[pri:0, instance:com.salesforce.crud.Validating_Crud@505fc5a4]" started-at="2024-05-13T22:07:46 PDT" name="beforeSuite" finished-at="2024-05-13T22:07:46 PDT" duration-ms="22" status="PASS">
          <reporter-output>
          </reporter-output>
        </test-method> <!-- beforeSuite -->
        <test-method is-config="true" signature="beforeClass()[pri:0, instance:com.salesforce.crud.Validating_Crud@505fc5a4]" started-at="2024-05-13T22:07:47 PDT" name="beforeClass" finished-at="2024-05-13T22:07:48 PDT" duration-ms="1029" status="PASS">
          <reporter-output>
          </reporter-output>
        </test-method> <!-- beforeClass -->
        <test-method signature="validatelogin()[pri:0, instance:com.salesforce.crud.Validating_Crud@505fc5a4]" started-at="2024-05-13T22:07:48 PDT" name="validatelogin" finished-at="2024-05-13T22:07:50 PDT" duration-ms="2462" status="PASS">
          <reporter-output>
          </reporter-output>
        </test-method> <!-- validatelogin -->
        <test-method signature="validateGetAccountAPI()[pri:1, instance:com.salesforce.crud.Validating_Crud@505fc5a4]" started-at="2024-05-13T22:07:50 PDT" name="validateGetAccountAPI" finished-at="2024-05-13T22:07:51 PDT" duration-ms="444" status="PASS">
          <reporter-output>
          </reporter-output>
        </test-method> <!-- validateGetAccountAPI -->
        <test-method signature="GetAllRecentAccounts()[pri:2, instance:com.salesforce.crud.Validating_Crud@505fc5a4]" started-at="2024-05-13T22:07:51 PDT" name="GetAllRecentAccounts" finished-at="2024-05-13T22:07:51 PDT" duration-ms="311" status="PASS">
          <reporter-output>
          </reporter-output>
        </test-method> <!-- GetAllRecentAccounts -->
        <test-method signature="invalidGetAccountAPI()[pri:2, instance:com.salesforce.crud.Validating_Crud@505fc5a4]" started-at="2024-05-13T22:07:51 PDT" name="invalidGetAccountAPI" finished-at="2024-05-13T22:07:51 PDT" duration-ms="609" status="PASS">
          <reporter-output>
          </reporter-output>
        </test-method> <!-- invalidGetAccountAPI -->
        <test-method signature="validatePatchedStatus()[pri:3, instance:com.salesforce.crud.Validating_Crud@505fc5a4]" started-at="2024-05-13T22:07:51 PDT" name="validatePatchedStatus" finished-at="2024-05-13T22:07:52 PDT" duration-ms="464" status="PASS">
          <reporter-output>
          </reporter-output>
        </test-method> <!-- validatePatchedStatus -->
        <test-method signature="validatePatchedData()[pri:0, instance:com.salesforce.crud.Validating_Crud@505fc5a4]" started-at="2024-05-13T22:07:52 PDT" name="validatePatchedData" finished-at="2024-05-13T22:07:52 PDT" depends-on-methods="com.salesforce.crud.Validating_Crud.validatePatchedStatus" duration-ms="332" status="PASS">
          <reporter-output>
          </reporter-output>
        </test-method> <!-- validatePatchedData -->
        <test-method signature="validateDeletedNonExistAccount()[pri:5, instance:com.salesforce.crud.Validating_Crud@505fc5a4]" started-at="2024-05-13T22:07:52 PDT" name="validateDeletedNonExistAccount" finished-at="2024-05-13T22:07:52 PDT" duration-ms="245" status="PASS">
          <reporter-output>
          </reporter-output>
        </test-method> <!-- validateDeletedNonExistAccount -->
      </class> <!-- com.salesforce.crud.Validating_Crud -->
    </test> <!-- Default test -->
  </suite> <!-- Default suite -->
</testng-results>
