<?xml version="1.0" encoding="UTF-8"?>
<testng-results ignored="1" total="8" passed="7" failed="0" skipped="0">
  <reporter-output>
  </reporter-output>
  <suite started-at="2024-05-15T15:19:09 PDT" name="Regression Suite" finished-at="2024-05-15T15:19:16 PDT" duration-ms="7044">
    <groups>
    </groups>
    <test started-at="2024-05-15T15:19:09 PDT" name="Test_Login" finished-at="2024-05-15T15:19:16 PDT" duration-ms="7044">
      <class name="com.salesforce.loginTest.LoginFunctionality">
        <test-method is-config="true" signature="beforeSuite()[pri:0, instance:com.salesforce.loginTest.LoginFunctionality@dfddc9a]" started-at="2024-05-15T15:19:09 PDT" name="beforeSuite" finished-at="2024-05-15T15:19:09 PDT" duration-ms="26" status="PASS">
          <reporter-output>
          </reporter-output>
        </test-method> <!-- beforeSuite -->
        <test-method is-config="true" signature="beforeclass()[pri:0, instance:com.salesforce.loginTest.LoginFunctionality@dfddc9a]" started-at="2024-05-15T15:19:09 PDT" name="beforeclass" finished-at="2024-05-15T15:19:09 PDT" duration-ms="471" status="PASS">
          <reporter-output>
          </reporter-output>
        </test-method> <!-- beforeclass -->
        <test-method signature="validatelogin()[pri:0, instance:com.salesforce.loginTest.LoginFunctionality@dfddc9a]" started-at="2024-05-15T15:19:09 PDT" name="validatelogin" finished-at="2024-05-15T15:19:12 PDT" duration-ms="2708" status="PASS">
          <reporter-output>
          </reporter-output>
        </test-method> <!-- validatelogin -->
      </class> <!-- com.salesforce.loginTest.LoginFunctionality -->
      <class name="com.salesforce.crudTest.Validating_Crud">
        <test-method is-config="true" signature="beforeClass()[pri:0, instance:com.salesforce.crudTest.Validating_Crud@395b56bb]" started-at="2024-05-15T15:19:12 PDT" name="beforeClass" finished-at="2024-05-15T15:19:13 PDT" duration-ms="1393" status="PASS">
          <reporter-output>
          </reporter-output>
        </test-method> <!-- beforeClass -->
        <test-method signature="validateGetAccountAPI()[pri:1, instance:com.salesforce.crudTest.Validating_Crud@395b56bb]" started-at="2024-05-15T15:19:13 PDT" name="validateGetAccountAPI" finished-at="2024-05-15T15:19:14 PDT" duration-ms="411" status="PASS">
          <reporter-output>
          </reporter-output>
        </test-method> <!-- validateGetAccountAPI -->
        <test-method signature="GetAllRecentAccounts()[pri:2, instance:com.salesforce.crudTest.Validating_Crud@395b56bb]" started-at="2024-05-15T15:19:14 PDT" name="GetAllRecentAccounts" finished-at="2024-05-15T15:19:14 PDT" duration-ms="351" status="PASS">
          <reporter-output>
          </reporter-output>
        </test-method> <!-- GetAllRecentAccounts -->
        <test-method signature="invalidGetAccountAPI()[pri:2, instance:com.salesforce.crudTest.Validating_Crud@395b56bb]" started-at="2024-05-15T15:19:14 PDT" name="invalidGetAccountAPI" finished-at="2024-05-15T15:19:15 PDT" duration-ms="374" status="PASS">
          <reporter-output>
          </reporter-output>
        </test-method> <!-- invalidGetAccountAPI -->
        <test-method signature="validatePatchedStatus()[pri:3, instance:com.salesforce.crudTest.Validating_Crud@395b56bb]" started-at="2024-05-15T15:19:15 PDT" name="validatePatchedStatus" finished-at="2024-05-15T15:19:15 PDT" duration-ms="571" status="PASS">
          <reporter-output>
          </reporter-output>
        </test-method> <!-- validatePatchedStatus -->
        <test-method signature="validatePatchedData()[pri:0, instance:com.salesforce.crudTest.Validating_Crud@395b56bb]" started-at="2024-05-15T15:19:15 PDT" name="validatePatchedData" finished-at="2024-05-15T15:19:16 PDT" depends-on-methods="com.salesforce.crudTest.Validating_Crud.validatePatchedStatus" duration-ms="341" status="PASS">
          <reporter-output>
          </reporter-output>
        </test-method> <!-- validatePatchedData -->
        <test-method signature="validateDeletedNonExistAccount()[pri:5, instance:com.salesforce.crudTest.Validating_Crud@395b56bb]" started-at="2024-05-15T15:19:16 PDT" name="validateDeletedNonExistAccount" finished-at="2024-05-15T15:19:16 PDT" duration-ms="237" status="PASS">
          <reporter-output>
          </reporter-output>
        </test-method> <!-- validateDeletedNonExistAccount -->
      </class> <!-- com.salesforce.crudTest.Validating_Crud -->
    </test> <!-- Test_Login -->
  </suite> <!-- Regression Suite -->
</testng-results>
